#
# There is insufficient memory for the Java Runtime Environment to continue.
# Native memory allocation (malloc) failed to allocate 1048576 bytes for AllocateHeap
# Possible reasons:
#   The system is out of physical RAM or swap space
#   In 32 bit mode, the process size limit was hit
# Possible solutions:
#   Reduce memory load on the system
#   Increase physical memory or swap space
#   Check if swap backing store is full
#   Use 64 bit Java on a 64 bit OS
#   Decrease Java heap size (-Xmx/-Xms)
#   Decrease number of Java threads
#   Decrease Java thread stack sizes (-Xss)
#   Set larger code cache with -XX:ReservedCodeCacheSize=
# This output file may be truncated or incomplete.
#
#  Out of Memory Error (memory/allocation.inline.hpp:62), pid=2204, tid=15172
#
# JRE version:  (8.0_05-b13) (build )
# Java VM: Java HotSpot(TM) 64-Bit Server VM (25.5-b02 mixed mode windows-amd64 compressed oops)
# Failed to write core dump. Minidumps are not enabled by default on client versions of Windows
#

---------------  T H R E A D  ---------------

Current thread (0x0000000002750800):  JavaThread "Unknown thread" [_thread_in_vm, id=15172, stack(0x0000000002650000,0x0000000002750000)]

Stack: [0x0000000002650000,0x0000000002750000]
Native frames: (J=compiled Java code, j=interpreted, Vv=VM code, C=native code)
V  [jvm.dll+0x308dea]
V  [jvm.dll+0x25def1]
V  [jvm.dll+0x25eb0f]
V  [jvm.dll+0x2564e5]
V  [jvm.dll+0x3d020f]
V  [jvm.dll+0x3d0bff]
V  [jvm.dll+0x3d0e64]
V  [jvm.dll+0x3d1033]
V  [jvm.dll+0xe2142]
V  [jvm.dll+0x1f1419]
V  [jvm.dll+0x2227c4]
V  [jvm.dll+0x149f71]
C  [java.exe+0x207a]
C  [java.exe+0xc99b]
C  [java.exe+0xca2f]
C  [KERNEL32.DLL+0x16ad]
C  [ntdll.dll+0x54409]


---------------  P R O C E S S  ---------------

Java Threads: ( => current thread )

Other Threads:

=>0x0000000002750800 (exited) JavaThread "Unknown thread" [_thread_in_vm, id=15172, stack(0x0000000002650000,0x0000000002750000)]

VM state:not at safepoint (normal execution)

VM Mutex/Monitor currently owned by a thread: None

Heap:
 PSYoungGen      total 1024K, used 20K [0x00000000eb300000, 0x00000000eb480000, 0x0000000100000000)
  eden space 512K, 4% used [0x00000000eb300000,0x00000000eb305288,0x00000000eb380000)
  from space 512K, 0% used [0x00000000eb400000,0x00000000eb400000,0x00000000eb480000)
  to   space 512K, 0% used [0x00000000eb380000,0x00000000eb380000,0x00000000eb400000)
 ParOldGen       total 64000K, used 0K [0x00000000c1800000, 0x00000000c5680000, 0x00000000eb300000)
  object space 64000K, 0% used [0x00000000c1800000,0x00000000c1800000,0x00000000c5680000)
 Metaspace       used 673K, capacity 4480K, committed 4480K, reserved 1056768K
  class space    used 66K, capacity 384K, committed 384K, reserved 1048576K

Card table byte_map: [0x0000000011c10000,0x0000000011e10000] byte_map_base: 0x0000000011604000

Marking Bits: (ParMarkBitMap*) 0x0000000056e813b0
 Begin Bits: [0x0000000012360000, 0x0000000013300000)
 End Bits:   [0x0000000013300000, 0x00000000142a0000)

Polling page: 0x00000000022b0000

CodeCache: size=245760Kb used=327Kb max_used=327Kb free=245432Kb
 bounds [0x0000000002850000, 0x0000000002ac0000, 0x0000000011850000]
 total_blobs=56 nmethods=0 adapters=37
 compilation: enabled

Compilation events (0 events):
No events

GC Heap History (0 events):
No events

Deoptimization events (0 events):
No events

Internal exceptions (0 events):
No events

Events (10 events):
Event: 0.017 loading class java/lang/Short
Event: 0.017 loading class java/lang/Short done
Event: 0.017 loading class java/lang/Integer
Event: 0.017 loading class java/lang/Integer done
Event: 0.018 loading class java/lang/Long
Event: 0.018 loading class java/lang/Long done
Event: 0.018 loading class java/lang/NullPointerException
Event: 0.018 loading class java/lang/NullPointerException done
Event: 0.018 loading class java/lang/ArithmeticException
Event: 0.018 loading class java/lang/ArithmeticException done


Dynamic libraries:
0x00007ff785190000 - 0x00007ff7851c4000 	C:\Program Files\Java\jdk1.8.0_05\bin\java.exe
0x00007ffa8d170000 - 0x00007ffa8d316000 	C:\WINDOWS\SYSTEM32\ntdll.dll
0x00007ffa8cc90000 - 0x00007ffa8cdca000 	C:\WINDOWS\system32\KERNEL32.DLL
0x00007ffa8a790000 - 0x00007ffa8a89f000 	C:\WINDOWS\system32\KERNELBASE.dll
0x00007ffa890f0000 - 0x00007ffa89178000 	C:\WINDOWS\system32\apphelp.dll
0x00007ffa72270000 - 0x00007ffa722bf000 	C:\WINDOWS\AppPatch\AppPatch64\AcGenral.DLL
0x00007ffa8ad00000 - 0x00007ffa8ada7000 	C:\WINDOWS\system32\msvcrt.dll
0x00007ffa8a390000 - 0x00007ffa8a3bb000 	C:\WINDOWS\SYSTEM32\SspiCli.dll
0x00007ffa8d070000 - 0x00007ffa8d0c1000 	C:\WINDOWS\system32\SHLWAPI.dll
0x00007ffa8c360000 - 0x00007ffa8c4d1000 	C:\WINDOWS\system32\USER32.dll
0x00007ffa8c6e0000 - 0x00007ffa8c858000 	C:\WINDOWS\system32\ole32.dll
0x00007ffa8adb0000 - 0x00007ffa8c1bf000 	C:\WINDOWS\system32\SHELL32.dll
0x00007ffa89b50000 - 0x00007ffa89b6e000 	C:\WINDOWS\SYSTEM32\USERENV.dll
0x00007ffa8cbe0000 - 0x00007ffa8cc85000 	C:\WINDOWS\system32\ADVAPI32.dll
0x00007ffa80780000 - 0x00007ffa8079b000 	C:\WINDOWS\SYSTEM32\MPR.dll
0x00007ffa8c8c0000 - 0x00007ffa8c9f7000 	C:\WINDOWS\system32\RPCRT4.dll
0x00007ffa8c860000 - 0x00007ffa8c8b7000 	C:\WINDOWS\SYSTEM32\sechost.dll
0x00007ffa8ab10000 - 0x00007ffa8ace6000 	C:\WINDOWS\SYSTEM32\combase.dll
0x00007ffa8c590000 - 0x00007ffa8c6d4000 	C:\WINDOWS\system32\GDI32.dll
0x00007ffa8a4e0000 - 0x00007ffa8a4f4000 	C:\WINDOWS\SYSTEM32\profapi.dll
0x00007ffa888f0000 - 0x00007ffa8898f000 	C:\WINDOWS\SYSTEM32\SHCORE.dll
0x00007ffa8cef0000 - 0x00007ffa8cf24000 	C:\WINDOWS\system32\IMM32.DLL
0x00007ffa8cf30000 - 0x00007ffa8d069000 	C:\WINDOWS\system32\MSCTF.dll
0x00007ffa87280000 - 0x00007ffa874da000 	C:\WINDOWS\WinSxS\amd64_microsoft.windows.common-controls_6595b64144ccf1df_6.0.9600.17031_none_6242a4b3ecbb55a1\COMCTL32.dll
0x0000000056f00000 - 0x0000000056fd2000 	C:\Program Files\Java\jdk1.8.0_05\jre\bin\msvcr100.dll
0x00000000566d0000 - 0x0000000056efa000 	C:\Program Files\Java\jdk1.8.0_05\jre\bin\server\jvm.dll
0x00007ffa80c20000 - 0x00007ffa80c29000 	C:\WINDOWS\SYSTEM32\WSOCK32.dll
0x00007ffa85fa0000 - 0x00007ffa85fbf000 	C:\WINDOWS\SYSTEM32\WINMM.dll
0x00007ffa8aa30000 - 0x00007ffa8aa37000 	C:\WINDOWS\system32\PSAPI.DLL
0x00007ffa8cdd0000 - 0x00007ffa8ce28000 	C:\WINDOWS\system32\WS2_32.dll
0x00007ffa85f70000 - 0x00007ffa85f9a000 	C:\WINDOWS\SYSTEM32\WINMMBASE.dll
0x00007ffa8aa20000 - 0x00007ffa8aa29000 	C:\WINDOWS\system32\NSI.dll
0x00007ffa8a9a0000 - 0x00007ffa8a9ea000 	C:\WINDOWS\SYSTEM32\cfgmgr32.dll
0x00007ffa89340000 - 0x00007ffa89366000 	C:\WINDOWS\SYSTEM32\DEVOBJ.dll
0x0000000057250000 - 0x000000005725f000 	C:\Program Files\Java\jdk1.8.0_05\jre\bin\verify.dll
0x0000000057220000 - 0x0000000057248000 	C:\Program Files\Java\jdk1.8.0_05\jre\bin\java.dll
0x00000000566b0000 - 0x00000000566c6000 	C:\Program Files\Java\jdk1.8.0_05\jre\bin\zip.dll
0x00007ffa81cd0000 - 0x00007ffa81e58000 	C:\WINDOWS\SYSTEM32\dbghelp.dll

VM Arguments:
java_command: <unknown>
java_class_path (initial): .
Launcher Type: SUN_STANDARD

Environment Variables:
JAVA_HOME=C:\Program Files\Java\jdk1.7.0_45
PATH=C:\Program Files (x86)\Wizvera\Delfino;JAVA_HOME\bin;C:\Program Files (x86)\Intel\iCLS Client\;C:\Program Files\Intel\iCLS Client\;C:\WINDOWS\system32;C:\WINDOWS;C:\WINDOWS\System32\Wbem;C:\WINDOWS\System32\WindowsPowerShell\v1.0\;C:\Program Files (x86)\Windows Live\Shared;C:\Program Files (x86)\Intel\OpenCL SDK\2.0\bin\x86;C:\Program Files (x86)\Intel\OpenCL SDK\2.0\bin\x64;C:\Program Files\Intel\WiFi\bin\;C:\Program Files\Common Files\Intel\WirelessCommon\;C:\Program Files\Intel\Intel(R) Management Engine Components\DAL;C:\Program Files\Intel\Intel(R) Management Engine Components\IPT;C:\Program Files (x86)\Intel\Intel(R) Management Engine Components\DAL;C:\Program Files (x86)\Intel\Intel(R) Management Engine Components\IPT;C:\Program Files (x86)\MySQL\MySQL Utilities 1.3.5\;MAVEN_HOME\bin;GIT_POTABLE\bin;
USERNAME=Administrator
OS=Windows_NT
PROCESSOR_IDENTIFIER=Intel64 Family 6 Model 58 Stepping 9, GenuineIntel



---------------  S Y S T E M  ---------------

OS: Windows 8.1 , 64 bit Build 9600 

CPU:total 4 (2 cores per cpu, 2 threads per core) family 6 model 58 stepping 9, cmov, cx8, fxsr, mmx, sse, sse2, sse3, ssse3, sse4.1, sse4.2, popcnt, avx, aes, clmul, erms, ht, tsc, tscinvbit

Memory: 4k page, physical 4088088k(219984k free), swap 11387088k(5252k free)

vm_info: Java HotSpot(TM) 64-Bit Server VM (25.5-b02) for windows-amd64 JRE (1.8.0_05-b13), built on Mar 18 2014 01:08:39 by "java_re" with MS VC++ 10.0 (VS2010)

time: Thu Jan 15 14:28:41 2015
elapsed time: 0 seconds

